2020-02-18 10:33:13,698 INFO  [log]  使用Constant类中的常量，设定测试数据的文件路径：E:\Datas\data.xlsx 
2020-02-18 10:33:13,699 INFO  [log]  使用Constant类中的常量，设定测试数据的Sheet名称：Sheet1 
2020-02-18 10:33:13,703 INFO  [log]  调用ExcelUtil类中的getTestData静态方法获取Excel中标记为y的测试数据 
2020-02-18 10:33:20,244 INFO  [log]  启动浏览器 
2020-02-18 10:33:20,252 INFO  [log]  ====================================================================== 
2020-02-18 10:33:20,252 INFO  [log]  *************     新建联系人1 用例开始执行     ************* 
2020-02-18 10:33:28,955 INFO  [log]  访问网页https://mail.163.com/ 
2020-02-18 10:33:28,956 INFO  [log]  调用AddContactPersonAction类的execute方法 
2020-02-18 10:33:29,014 INFO  [log]  调用登录封装方法 
2020-02-18 10:33:29,015 INFO  [log]  浏览器最大化 
2020-02-18 10:33:30,169 INFO  [log]  实例化LoginPage对象 
2020-02-18 10:33:30,422 INFO  [log]  点击进入密码登录按钮 
2020-02-18 10:33:30,423 INFO  [log]  获取的定位类型为：id	定位表达式为：lbNormal 
2020-02-18 10:33:30,679 INFO  [log]  显示等待By.xpath: //*[@id='loginDiv']/iframe[@frameborder='0'] 元素5秒 
2020-02-18 10:33:30,891 INFO  [log]  进入登录界面的frame 
2020-02-18 10:33:30,919 INFO  [log]  获取的定位类型为：xpath	定位表达式为：//*[@id='loginDiv']/iframe[@frameborder='0'] 
2020-02-18 10:33:30,962 INFO  [log]  输入用户名13647452447 
2020-02-18 10:33:30,962 INFO  [log]  获取的定位类型为：name	定位表达式为：email 
2020-02-18 10:33:31,092 INFO  [log]  输入密码puhongjun123456 
2020-02-18 10:33:31,092 INFO  [log]  获取的定位类型为：name	定位表达式为：password 
2020-02-18 10:33:31,204 INFO  [log]  点击登录按钮 
2020-02-18 10:33:31,204 INFO  [log]  获取的定位类型为：id	定位表达式为：dologin 
2020-02-18 10:33:31,314 INFO  [log]  显示等待By.id: _mail_tabitem_0_3text 元素 
2020-02-18 10:33:34,232 INFO  [log]  实例化HomePage对象 
2020-02-18 10:33:34,233 INFO  [log]  点击 通讯录 
2020-02-18 10:33:34,233 INFO  [log]  获取的定位类型为：id	定位表达式为：_mail_tabitem_1_4text 
2020-02-18 10:33:34,307 INFO  [log]  显示等待By.xpath: //span[text()='新建联系人'] 元素 
2020-02-18 10:33:34,838 INFO  [log]  实例化LinkmanPage对象 
2020-02-18 10:33:34,839 INFO  [log]  点击 新建联系人 
2020-02-18 10:33:34,839 INFO  [log]  获取的定位类型为：xpath	定位表达式为：//span[text()='新建联系人'] 
2020-02-18 10:33:34,977 INFO  [log]  显示等待By.xpath: //div[@role='button']/span[text()='确 定'] 元素 
2020-02-18 10:33:35,011 INFO  [log]  实例化AddressBookPage 
2020-02-18 10:33:35,013 INFO  [log]  输入联系人姓名：小一 
2020-02-18 10:33:35,013 INFO  [log]  获取的定位类型为：id	定位表达式为：input_N 
2020-02-18 10:33:35,117 INFO  [log]  输入联系人电子邮箱：12345@163.com 
2020-02-18 10:33:35,118 INFO  [log]  获取的定位类型为：xpath	定位表达式为：//div[@id='iaddress_MAIL_wrap']/dl/dd/div/input 
2020-02-18 10:33:35,823 INFO  [log]  输入联系人手机号码：18888888888 
2020-02-18 10:33:35,824 INFO  [log]  获取的定位类型为：xpath	定位表达式为：//div[@id='iaddress_TEL_wrap']/dl/dd/div/input 
2020-02-18 10:33:36,095 INFO  [log]  点击新建联系人界面的 确定按钮 
2020-02-18 10:33:36,095 INFO  [log]  获取的定位类型为：xpath	定位表达式为：//div[@role='button']/span[text()='确 定'] 
2020-02-18 10:33:39,161 INFO  [log]  调用AddContactPersonAction类的execute方法后休眠3秒 
2020-02-18 10:33:39,161 INFO  [log]  断言页面是否包含联系人姓名：小一 
2020-02-18 10:33:39,215 INFO  [log]  断言页面是否包含联系人邮箱：12345@163.com 
2020-02-18 10:33:39,282 INFO  [log]  断言通讯录页面是否包含联系人手机号码：18888888888 
2020-02-18 10:33:39,837 INFO  [log]  新建联系人全部断言成功，在Excel的测试数据文件“测试执行结果”列中写入“测试成功” 
2020-02-18 10:33:39,838 INFO  [log]  *************     新建联系人1 用例执行结束     ************* 
2020-02-18 10:33:39,838 INFO  [log]  ====================================================================== 
2020-02-18 10:33:41,186 INFO  [log]  关闭浏览器 
2020-02-18 10:33:43,802 INFO  [log]  启动浏览器 
2020-02-18 10:33:43,804 INFO  [log]  ====================================================================== 
2020-02-18 10:33:43,804 INFO  [log]  *************     新建联系人2 用例开始执行     ************* 
2020-02-18 10:33:45,688 INFO  [log]  访问网页https://mail.163.com/ 
2020-02-18 10:33:45,688 INFO  [log]  调用AddContactPersonAction类的execute方法 
2020-02-18 10:33:45,688 INFO  [log]  调用登录封装方法 
2020-02-18 10:33:45,688 INFO  [log]  浏览器最大化 
2020-02-18 10:33:46,882 INFO  [log]  实例化LoginPage对象 
2020-02-18 10:33:46,882 INFO  [log]  点击进入密码登录按钮 
2020-02-18 10:33:46,883 INFO  [log]  获取的定位类型为：id	定位表达式为：lbNormal 
2020-02-18 10:33:46,968 INFO  [log]  显示等待By.xpath: //*[@id='loginDiv']/iframe[@frameborder='0'] 元素5秒 
2020-02-18 10:33:47,002 INFO  [log]  进入登录界面的frame 
2020-02-18 10:33:47,002 INFO  [log]  获取的定位类型为：xpath	定位表达式为：//*[@id='loginDiv']/iframe[@frameborder='0'] 
2020-02-18 10:33:47,065 INFO  [log]  输入用户名13647452447 
2020-02-18 10:33:47,065 INFO  [log]  获取的定位类型为：name	定位表达式为：email 
2020-02-18 10:33:47,196 INFO  [log]  输入密码puhongjun123456 
2020-02-18 10:33:47,196 INFO  [log]  获取的定位类型为：name	定位表达式为：password 
2020-02-18 10:33:47,331 INFO  [log]  点击登录按钮 
2020-02-18 10:33:47,332 INFO  [log]  获取的定位类型为：id	定位表达式为：dologin 
2020-02-18 10:33:47,445 INFO  [log]  显示等待By.id: _mail_tabitem_0_3text 元素 
2020-02-18 10:33:50,079 INFO  [log]  实例化HomePage对象 
2020-02-18 10:33:50,079 INFO  [log]  点击 通讯录 
2020-02-18 10:33:50,079 INFO  [log]  获取的定位类型为：id	定位表达式为：_mail_tabitem_1_4text 
2020-02-18 10:33:50,146 INFO  [log]  显示等待By.xpath: //span[text()='新建联系人'] 元素 
2020-02-18 10:33:50,684 INFO  [log]  实例化LinkmanPage对象 
2020-02-18 10:33:50,685 INFO  [log]  点击 新建联系人 
2020-02-18 10:33:50,685 INFO  [log]  获取的定位类型为：xpath	定位表达式为：//span[text()='新建联系人'] 
2020-02-18 10:33:50,799 INFO  [log]  显示等待By.xpath: //div[@role='button']/span[text()='确 定'] 元素 
2020-02-18 10:33:50,827 INFO  [log]  实例化AddressBookPage 
2020-02-18 10:33:50,828 INFO  [log]  输入联系人姓名：小二 
2020-02-18 10:33:50,828 INFO  [log]  获取的定位类型为：id	定位表达式为：input_N 
2020-02-18 10:33:50,895 INFO  [log]  输入联系人电子邮箱：12345@163.com 
2020-02-18 10:33:50,895 INFO  [log]  获取的定位类型为：xpath	定位表达式为：//div[@id='iaddress_MAIL_wrap']/dl/dd/div/input 
2020-02-18 10:33:51,489 INFO  [log]  输入联系人手机号码：18888888888 
2020-02-18 10:33:51,489 INFO  [log]  获取的定位类型为：xpath	定位表达式为：//div[@id='iaddress_TEL_wrap']/dl/dd/div/input 
2020-02-18 10:33:51,802 INFO  [log]  点击新建联系人界面的 确定按钮 
2020-02-18 10:33:51,802 INFO  [log]  获取的定位类型为：xpath	定位表达式为：//div[@role='button']/span[text()='确 定'] 
2020-02-18 10:33:54,913 INFO  [log]  调用AddContactPersonAction类的execute方法后休眠3秒 
2020-02-18 10:33:54,913 INFO  [log]  断言页面是否包含联系人姓名：店小二 
2020-02-18 10:33:54,947 INFO  [log]  断言通讯录页面是否包含联系人姓名：店小二 失败 
2020-02-18 10:33:55,089 INFO  [log]  创建目录C:\errorScreenshot\2020-2-18成功！ 
2020-02-18 10:33:55,717 INFO  [log]  调用Screenshot.method方法进行截图 
2020-02-18 10:33:55,717 INFO  [log]  *************     新建联系人2 用例执行结束     ************* 
2020-02-18 10:33:55,717 INFO  [log]  ====================================================================== 
2020-02-18 10:33:56,535 INFO  [log]  关闭浏览器 
